{"/home/john/Desktop/React (copy)/vite-project/src/components/Counter.tsx": {"path":"/home/john/Desktop/React (copy)/vite-project/src/components/Counter.tsx","statementMap":{"0":{"start":{"line":5,"column":23},"end":{"line":18,"column":1}},"1":{"start":{"line":6,"column":28},"end":{"line":6,"column":39}},"2":{"start":{"line":8,"column":2},"end":{"line":17,"column":4}},"3":{"start":{"line":12,"column":21},"end":{"line":12,"column":40}},"4":{"start":{"line":13,"column":21},"end":{"line":13,"column":40}},"5":{"start":{"line":14,"column":23},"end":{"line":14,"column":34}}},"fnMap":{"0":{"name":"(anonymous_0)","decl":{"start":{"line":5,"column":23},"end":{"line":5,"column":24}},"loc":{"start":{"line":5,"column":29},"end":{"line":18,"column":1}},"line":5},"1":{"name":"(anonymous_1)","decl":{"start":{"line":12,"column":15},"end":{"line":12,"column":16}},"loc":{"start":{"line":12,"column":21},"end":{"line":12,"column":40}},"line":12},"2":{"name":"(anonymous_2)","decl":{"start":{"line":13,"column":15},"end":{"line":13,"column":16}},"loc":{"start":{"line":13,"column":21},"end":{"line":13,"column":40}},"line":13},"3":{"name":"(anonymous_3)","decl":{"start":{"line":14,"column":17},"end":{"line":14,"column":18}},"loc":{"start":{"line":14,"column":23},"end":{"line":14,"column":34}},"line":14}},"branchMap":{},"s":{"0":1,"1":5,"2":5,"3":2,"4":1,"5":1},"f":{"0":5,"1":2,"2":1,"3":1},"b":{},"_coverageSchema":"1a1c01bbd47fc00a2c39e90264f33305004495a9","hash":"5320cd4cc2e04d87691771615c17008118084108"}
,"/home/john/Desktop/React (copy)/vite-project/src/components/CounterButtons.tsx": {"path":"/home/john/Desktop/React (copy)/vite-project/src/components/CounterButtons.tsx","statementMap":{"0":{"start":{"line":9,"column":23},"end":{"line":17,"column":1}},"1":{"start":{"line":10,"column":2},"end":{"line":16,"column":4}}},"fnMap":{"0":{"name":"(anonymous_0)","decl":{"start":{"line":9,"column":23},"end":{"line":9,"column":24}},"loc":{"start":{"line":9,"column":75},"end":{"line":17,"column":1}},"line":9}},"branchMap":{},"s":{"0":2,"1":6},"f":{"0":6},"b":{},"_coverageSchema":"1a1c01bbd47fc00a2c39e90264f33305004495a9","hash":"eaa72c26bd04311b8e103ee3f6401bbc4ef72f0b"}
,"/home/john/Desktop/React (copy)/vite-project/src/components/FetchNormal.tsx": {"path":"/home/john/Desktop/React (copy)/vite-project/src/components/FetchNormal.tsx","statementMap":{"0":{"start":{"line":6,"column":20},"end":{"line":25,"column":1}},"1":{"start":{"line":7,"column":37},"end":{"line":10,"column":3}},"2":{"start":{"line":12,"column":2},"end":{"line":12,"column":73}},"3":{"start":{"line":12,"column":17},"end":{"line":12,"column":73}},"4":{"start":{"line":13,"column":2},"end":{"line":13,"column":76}},"5":{"start":{"line":13,"column":13},"end":{"line":13,"column":76}},"6":{"start":{"line":15,"column":2},"end":{"line":24,"column":4}},"7":{"start":{"line":20,"column":10},"end":{"line":20,"column":75}}},"fnMap":{"0":{"name":"(anonymous_0)","decl":{"start":{"line":6,"column":20},"end":{"line":6,"column":21}},"loc":{"start":{"line":6,"column":26},"end":{"line":25,"column":1}},"line":6},"1":{"name":"(anonymous_1)","decl":{"start":{"line":19,"column":19},"end":{"line":19,"column":20}},"loc":{"start":{"line":20,"column":10},"end":{"line":20,"column":75}},"line":20}},"branchMap":{"0":{"loc":{"start":{"line":12,"column":2},"end":{"line":12,"column":73}},"type":"if","locations":[{"start":{"line":12,"column":2},"end":{"line":12,"column":73}},{"start":{},"end":{}}],"line":12},"1":{"loc":{"start":{"line":13,"column":2},"end":{"line":13,"column":76}},"type":"if","locations":[{"start":{"line":13,"column":2},"end":{"line":13,"column":76}},{"start":{},"end":{}}],"line":13}},"s":{"0":1,"1":5,"2":5,"3":3,"4":2,"5":1,"6":1,"7":2},"f":{"0":5,"1":2},"b":{"0":[3,2],"1":[1,1]},"_coverageSchema":"1a1c01bbd47fc00a2c39e90264f33305004495a9","hash":"f27f41614a376b9ebe365e9d0a2d77c1a1fce744"}
,"/home/john/Desktop/React (copy)/vite-project/src/components/FetchWIthItem.tsx": {"path":"/home/john/Desktop/React (copy)/vite-project/src/components/FetchWIthItem.tsx","statementMap":{"0":{"start":{"line":6,"column":22},"end":{"line":25,"column":1}},"1":{"start":{"line":7,"column":37},"end":{"line":10,"column":3}},"2":{"start":{"line":12,"column":2},"end":{"line":12,"column":73}},"3":{"start":{"line":12,"column":17},"end":{"line":12,"column":73}},"4":{"start":{"line":13,"column":2},"end":{"line":13,"column":76}},"5":{"start":{"line":13,"column":13},"end":{"line":13,"column":76}},"6":{"start":{"line":15,"column":2},"end":{"line":24,"column":4}},"7":{"start":{"line":20,"column":10},"end":{"line":20,"column":48}}},"fnMap":{"0":{"name":"(anonymous_0)","decl":{"start":{"line":6,"column":22},"end":{"line":6,"column":23}},"loc":{"start":{"line":6,"column":28},"end":{"line":25,"column":1}},"line":6},"1":{"name":"(anonymous_1)","decl":{"start":{"line":19,"column":19},"end":{"line":19,"column":20}},"loc":{"start":{"line":20,"column":10},"end":{"line":20,"column":48}},"line":20}},"branchMap":{"0":{"loc":{"start":{"line":12,"column":2},"end":{"line":12,"column":73}},"type":"if","locations":[{"start":{"line":12,"column":2},"end":{"line":12,"column":73}},{"start":{},"end":{}}],"line":12},"1":{"loc":{"start":{"line":13,"column":2},"end":{"line":13,"column":76}},"type":"if","locations":[{"start":{"line":13,"column":2},"end":{"line":13,"column":76}},{"start":{},"end":{}}],"line":13}},"s":{"0":1,"1":5,"2":5,"3":3,"4":2,"5":1,"6":1,"7":2},"f":{"0":5,"1":2},"b":{"0":[3,2],"1":[1,1]},"_coverageSchema":"1a1c01bbd47fc00a2c39e90264f33305004495a9","hash":"372051a7eccab2a6e42a417bcbcfba3be5cb716e"}
,"/home/john/Desktop/React (copy)/vite-project/src/components/PostItem.tsx": {"path":"/home/john/Desktop/React (copy)/vite-project/src/components/PostItem.tsx","statementMap":{"0":{"start":{"line":11,"column":24},"end":{"line":23,"column":1}},"1":{"start":{"line":12,"column":30},"end":{"line":12,"column":45}},"2":{"start":{"line":14,"column":2},"end":{"line":22,"column":4}},"3":{"start":{"line":17,"column":58},"end":{"line":17,"column":76}}},"fnMap":{"0":{"name":"(anonymous_0)","decl":{"start":{"line":11,"column":24},"end":{"line":11,"column":25}},"loc":{"start":{"line":11,"column":54},"end":{"line":23,"column":1}},"line":11},"1":{"name":"(anonymous_1)","decl":{"start":{"line":17,"column":52},"end":{"line":17,"column":53}},"loc":{"start":{"line":17,"column":58},"end":{"line":17,"column":76}},"line":17}},"branchMap":{"0":{"loc":{"start":{"line":18,"column":9},"end":{"line":18,"column":46}},"type":"cond-expr","locations":[{"start":{"line":18,"column":18},"end":{"line":18,"column":29}},{"start":{"line":18,"column":32},"end":{"line":18,"column":46}}],"line":18},"1":{"loc":{"start":{"line":20,"column":7},"end":{"line":20,"column":59}},"type":"binary-expr","locations":[{"start":{"line":20,"column":7},"end":{"line":20,"column":13}},{"start":{"line":20,"column":17},"end":{"line":20,"column":59}}],"line":20}},"s":{"0":2,"1":5,"2":5,"3":1},"f":{"0":5,"1":1},"b":{"0":[1,4],"1":[5,1]},"_coverageSchema":"1a1c01bbd47fc00a2c39e90264f33305004495a9","hash":"b5ed8a58dc0b0712a4abbacf636d82ed98a6b431"}
,"/home/john/Desktop/React (copy)/vite-project/src/utils/fetcher.ts": {"path":"/home/john/Desktop/React (copy)/vite-project/src/utils/fetcher.ts","statementMap":{"0":{"start":{"line":1,"column":23},"end":{"line":9,"column":1}},"1":{"start":{"line":2,"column":14},"end":{"line":2,"column":34}},"2":{"start":{"line":3,"column":2},"end":{"line":7,"column":3}},"3":{"start":{"line":4,"column":18},"end":{"line":4,"column":71}},"4":{"start":{"line":5,"column":4},"end":{"line":5,"column":43}},"5":{"start":{"line":6,"column":4},"end":{"line":6,"column":39}},"6":{"start":{"line":8,"column":2},"end":{"line":8,"column":20}}},"fnMap":{"0":{"name":"(anonymous_0)","decl":{"start":{"line":1,"column":23},"end":{"line":1,"column":24}},"loc":{"start":{"line":1,"column":86},"end":{"line":9,"column":1}},"line":1}},"branchMap":{"0":{"loc":{"start":{"line":3,"column":2},"end":{"line":7,"column":3}},"type":"if","locations":[{"start":{"line":3,"column":2},"end":{"line":7,"column":3}},{"start":{},"end":{}}],"line":3}},"s":{"0":3,"1":8,"2":4,"3":1,"4":1,"5":1,"6":4},"f":{"0":8},"b":{"0":[1,3]},"_coverageSchema":"1a1c01bbd47fc00a2c39e90264f33305004495a9","hash":"01566664002550a83a1b106fd14593202422826b"}
}
