TN:
SF:src/components/Counter.tsx
FN:5,(anonymous_0)
FN:12,(anonymous_1)
FN:13,(anonymous_2)
FN:14,(anonymous_3)
FNF:4
FNH:4
FNDA:5,(anonymous_0)
FNDA:2,(anonymous_1)
FNDA:1,(anonymous_2)
FNDA:1,(anonymous_3)
DA:5,1
DA:6,5
DA:8,5
DA:12,2
DA:13,1
DA:14,1
LF:6
LH:6
BRF:0
BRH:0
end_of_record
TN:
SF:src/components/CounterButtons.tsx
FN:9,(anonymous_0)
FNF:1
FNH:1
FNDA:6,(anonymous_0)
DA:9,2
DA:10,6
LF:2
LH:2
BRF:0
BRH:0
end_of_record
TN:
SF:src/components/FetchNormal.tsx
FN:6,(anonymous_0)
FN:19,(anonymous_1)
FNF:2
FNH:2
FNDA:5,(anonymous_0)
FNDA:2,(anonymous_1)
DA:6,1
DA:7,5
DA:12,5
DA:13,2
DA:15,1
DA:20,2
LF:6
LH:6
BRDA:12,0,0,3
BRDA:12,0,1,2
BRDA:13,1,0,1
BRDA:13,1,1,1
BRF:4
BRH:4
end_of_record
TN:
SF:src/components/FetchWIthItem.tsx
FN:6,(anonymous_0)
FN:19,(anonymous_1)
FNF:2
FNH:2
FNDA:5,(anonymous_0)
FNDA:2,(anonymous_1)
DA:6,1
DA:7,5
DA:12,5
DA:13,2
DA:15,1
DA:20,2
LF:6
LH:6
BRDA:12,0,0,3
BRDA:12,0,1,2
BRDA:13,1,0,1
BRDA:13,1,1,1
BRF:4
BRH:4
end_of_record
TN:
SF:src/components/PostItem.tsx
FN:11,(anonymous_0)
FN:17,(anonymous_1)
FNF:2
FNH:2
FNDA:5,(anonymous_0)
FNDA:1,(anonymous_1)
DA:11,2
DA:12,5
DA:14,5
DA:17,1
LF:4
LH:4
BRDA:18,0,0,1
BRDA:18,0,1,4
BRDA:20,1,0,5
BRDA:20,1,1,1
BRF:4
BRH:4
end_of_record
TN:
SF:src/utils/fetcher.ts
FN:1,(anonymous_0)
FNF:1
FNH:1
FNDA:8,(anonymous_0)
DA:1,3
DA:2,8
DA:3,4
DA:4,1
DA:5,1
DA:6,1
DA:8,4
LF:7
LH:7
BRDA:3,0,0,1
BRDA:3,0,1,3
BRF:2
BRH:2
end_of_record
